Build started 3/24/2018 6:42:04 PM.
     1>Project "C:\D\CPP\Quick Sort\Quick Sort\Quick Sort.vcxproj" on node 2 (Build target(s)).
     1>InitializeBuildStatus:
         Touching "x64\Debug\Quick Sort.tlog\unsuccessfulbuild".
       ClCompile:
         All outputs are up-to-date.
         C:\Program Files (x86)\Microsoft Visual Studio\2017\Community\VC\Tools\MSVC\14.12.25827\bin\HostX86\x64\CL.exe /c /ZI /nologo /W3 /WX- /diagnostics:classic /sdl /Od /D _DEBUG /D _CONSOLE /D _UNICODE /D UNICODE /Gm /EHsc /RTC1 /MDd /GS /fp:precise /permissive- /Zc:wchar_t /Zc:forScope /Zc:inline /Yu"stdafx.h" /Fp"x64\Debug\Quick Sort.pch" /Fo"x64\Debug\\" /Fd"x64\Debug\vc141.pdb" /Gd /TP /errorReport:prompt "Quick Sort.cpp"
         Quick Sort.cpp
     1>c:\d\cpp\quick sort\quick sort\quick sort.cpp(43): warning C4101: 'e': unreferenced local variable
       Link:
         C:\Program Files (x86)\Microsoft Visual Studio\2017\Community\VC\Tools\MSVC\14.12.25827\bin\HostX86\x64\link.exe /ERRORREPORT:PROMPT /OUT:"C:\D\CPP\Quick Sort\x64\Debug\Quick Sort.exe" /INCREMENTAL /NOLOGO kernel32.lib user32.lib gdi32.lib winspool.lib comdlg32.lib advapi32.lib shell32.lib ole32.lib oleaut32.lib uuid.lib odbc32.lib odbccp32.lib /MANIFEST /MANIFESTUAC:"level='asInvoker' uiAccess='false'" /manifest:embed /DEBUG:FASTLINK /PDB:"C:\D\CPP\Quick Sort\x64\Debug\Quick Sort.pdb" /SUBSYSTEM:CONSOLE /TLBID:1 /DYNAMICBASE /NXCOMPAT /IMPLIB:"C:\D\CPP\Quick Sort\x64\Debug\Quick Sort.lib" /MACHINE:X64 "x64\Debug\Quick Sort.obj"
         x64\Debug\stdafx.obj
         Quick Sort.vcxproj -> C:\D\CPP\Quick Sort\x64\Debug\Quick Sort.exe
       FinalizeBuildStatus:
         Deleting file "x64\Debug\Quick Sort.tlog\unsuccessfulbuild".
         Touching "x64\Debug\Quick Sort.tlog\Quick Sort.lastbuildstate".
     1>Done Building Project "C:\D\CPP\Quick Sort\Quick Sort\Quick Sort.vcxproj" (Build target(s)).

Build succeeded.

       "C:\D\CPP\Quick Sort\Quick Sort\Quick Sort.vcxproj" (Build target) (1) ->
       (ClCompile target) -> 
         c:\d\cpp\quick sort\quick sort\quick sort.cpp(43): warning C4101: 'e': unreferenced local variable

    1 Warning(s)
    0 Error(s)

Time Elapsed 00:00:01.16
