Build started 3/26/2018 1:09:08 AM.
     1>Project "C:\D\CPP\Snake Game\Snake Game\Snake Game.vcxproj" on node 2 (Build target(s)).
     1>InitializeBuildStatus:
         Touching "Debug\Snake Game.tlog\unsuccessfulbuild".
       ClCompile:
         All outputs are up-to-date.
         C:\Program Files (x86)\Microsoft Visual Studio\2017\Community\VC\Tools\MSVC\14.12.25827\bin\HostX86\x86\CL.exe /c /ZI /nologo /W3 /WX- /diagnostics:classic /sdl /Od /Oy- /D WIN32 /D _DEBUG /D _CONSOLE /D _UNICODE /D UNICODE /Gm /EHsc /RTC1 /MDd /GS /fp:precise /permissive- /Zc:wchar_t /Zc:forScope /Zc:inline /Yu"stdafx.h" /Fp"Debug\Snake Game.pch" /Fo"Debug\\" /Fd"Debug\vc141.pdb" /Gd /TP /analyze- /errorReport:prompt "Snake Game.cpp"
         Snake Game.cpp
     1>c:\d\cpp\snake game\snake game\snake game.cpp(88): warning C4244: 'argument': conversion from 'time_t' to 'unsigned int', possible loss of data
       Link:
         C:\Program Files (x86)\Microsoft Visual Studio\2017\Community\VC\Tools\MSVC\14.12.25827\bin\HostX86\x86\link.exe /ERRORREPORT:PROMPT /OUT:"C:\D\CPP\Snake Game\Debug\Snake Game.exe" /INCREMENTAL /NOLOGO kernel32.lib user32.lib gdi32.lib winspool.lib comdlg32.lib advapi32.lib shell32.lib ole32.lib oleaut32.lib uuid.lib odbc32.lib odbccp32.lib /MANIFEST /MANIFESTUAC:"level='asInvoker' uiAccess='false'" /manifest:embed /DEBUG:FASTLINK /PDB:"C:\D\CPP\Snake Game\Debug\Snake Game.pdb" /SUBSYSTEM:CONSOLE /TLBID:1 /DYNAMICBASE /NXCOMPAT /IMPLIB:"C:\D\CPP\Snake Game\Debug\Snake Game.lib" /MACHINE:X86 "Debug\Snake Game.obj"
         Debug\stdafx.obj
         Snake Game.vcxproj -> C:\D\CPP\Snake Game\Debug\Snake Game.exe
       FinalizeBuildStatus:
         Deleting file "Debug\Snake Game.tlog\unsuccessfulbuild".
         Touching "Debug\Snake Game.tlog\Snake Game.lastbuildstate".
     1>Done Building Project "C:\D\CPP\Snake Game\Snake Game\Snake Game.vcxproj" (Build target(s)).

Build succeeded.

       "C:\D\CPP\Snake Game\Snake Game\Snake Game.vcxproj" (Build target) (1) ->
       (ClCompile target) -> 
         c:\d\cpp\snake game\snake game\snake game.cpp(88): warning C4244: 'argument': conversion from 'time_t' to 'unsigned int', possible loss of data

    1 Warning(s)
    0 Error(s)

Time Elapsed 00:00:01.39
