Build started 3/20/2018 2:40:23 PM.
     1>Project "C:\D\CPP\Bus Queue\Bus Queue\Bus Queue.vcxproj" on node 2 (Build target(s)).
     1>InitializeBuildStatus:
         Creating "Debug\Bus Queue.tlog\unsuccessfulbuild" because "AlwaysCreate" was specified.
       ClCompile:
         All outputs are up-to-date.
         C:\Program Files (x86)\Microsoft Visual Studio\2017\Community\VC\Tools\MSVC\14.12.25827\bin\HostX86\x86\CL.exe /c /ZI /nologo /W3 /WX- /diagnostics:classic /sdl /Od /Oy- /D WIN32 /D _DEBUG /D _CONSOLE /D _UNICODE /D UNICODE /Gm /EHsc /RTC1 /MDd /GS /fp:precise /permissive- /Zc:wchar_t /Zc:forScope /Zc:inline /Yu"stdafx.h" /Fp"Debug\Bus Queue.pch" /Fo"Debug\\" /Fd"Debug\vc141.pdb" /Gd /TP /analyze- /errorReport:prompt "Bus Queue.cpp"
         Bus Queue.cpp
       Link:
         C:\Program Files (x86)\Microsoft Visual Studio\2017\Community\VC\Tools\MSVC\14.12.25827\bin\HostX86\x86\link.exe /ERRORREPORT:PROMPT /OUT:"C:\D\CPP\Bus Queue\Debug\Bus Queue.exe" /INCREMENTAL /NOLOGO kernel32.lib user32.lib gdi32.lib winspool.lib comdlg32.lib advapi32.lib shell32.lib ole32.lib oleaut32.lib uuid.lib odbc32.lib odbccp32.lib /MANIFEST /MANIFESTUAC:"level='asInvoker' uiAccess='false'" /manifest:embed /DEBUG:FASTLINK /PDB:"C:\D\CPP\Bus Queue\Debug\Bus Queue.pdb" /SUBSYSTEM:CONSOLE /TLBID:1 /DYNAMICBASE /NXCOMPAT /IMPLIB:"C:\D\CPP\Bus Queue\Debug\Bus Queue.lib" /MACHINE:X86 "Debug\Bus Queue.obj"
         Debug\busStop.obj
         Debug\stdafx.obj
         Bus Queue.vcxproj -> C:\D\CPP\Bus Queue\Debug\Bus Queue.exe
       FinalizeBuildStatus:
         Deleting file "Debug\Bus Queue.tlog\unsuccessfulbuild".
         Touching "Debug\Bus Queue.tlog\Bus Queue.lastbuildstate".
     1>Done Building Project "C:\D\CPP\Bus Queue\Bus Queue\Bus Queue.vcxproj" (Build target(s)).

Project Performance Summary:
      774 ms  C:\D\CPP\Bus Queue\Bus Queue\Bus Queue.vcxproj   1 calls
                774 ms  Build                                      1 calls

Target Performance Summary:
        0 ms  _ResourceCompile                           1 calls
        0 ms  PreLinkEvent                               1 calls
        0 ms  DoLinkOutputFilesMatch                     1 calls
        0 ms  PrepareResourceNames                       1 calls
        0 ms  CreateCustomManifestResourceNames          1 calls
        0 ms  SplitResourcesByCulture                    1 calls
        0 ms  ComputeManifestInputsTargets               1 calls
        0 ms  ComputeLinkInputsFromProject               1 calls
        0 ms  ComputeCLGeneratedLinkInputs               1 calls
        0 ms  ComputeCLOutputs                           1 calls
        0 ms  ComputeLinkImportLibraryOutputsForClean    1 calls
        0 ms  ComputeManifestGeneratedLinkerInputs       1 calls
        0 ms  ComputeRCOutputs                           1 calls
        0 ms  BeforeLink                                 1 calls
        0 ms  ComputeLegacyManifestEmbedding             1 calls
        0 ms  BuildLinkTraverse                          1 calls
        0 ms  BuildCompile                               1 calls
        0 ms  _BuildCompileAction                        1 calls
        0 ms  AfterBuildCompileEvent                     1 calls
        0 ms  Build                                      1 calls
        0 ms  AfterResourceCompile                       1 calls
        0 ms  ComputeRCGeneratedLinkInputs               1 calls
        0 ms  BeforeResourceCompile                      1 calls
        0 ms  AfterLink                                  1 calls
        0 ms  _ALink                                     1 calls
        0 ms  AfterBuild                                 1 calls
        0 ms  BuildLink                                  1 calls
        0 ms  _BuildLinkAction                           1 calls
        0 ms  PostBuildEvent                             1 calls
        0 ms  PrepareForRun                              1 calls
        0 ms  _CheckForCompileOutputs                    1 calls
        0 ms  _CopySourceItemsToOutputDirectory          1 calls
        0 ms  GetCopyToOutputDirectoryItems              1 calls
        0 ms  _Deploy                                    1 calls
        0 ms  _Link                                      1 calls
        0 ms  _Appverifier                               1 calls
        0 ms  _GenerateSatelliteAssemblyInputs           1 calls
        0 ms  _BscMake                                   1 calls
        0 ms  MakeDirsForBscMake                         1 calls
        0 ms  ComputeCLCompileGeneratedSbrFiles          1 calls
        0 ms  _XdcMake                                   1 calls
        0 ms  MakeDirsForXdcMake                         1 calls
        0 ms  ResolvedXDCMake                            1 calls
        0 ms  RegisterOutput                             1 calls
        0 ms  _Manifest                                  1 calls
        0 ms  CreateSatelliteAssemblies                  1 calls
        0 ms  _ClCompile                                 1 calls
        0 ms  CleanupEmptyRefsFolder                     1 calls
        0 ms  BeforeBuildGenerateSources                 1 calls
        0 ms  _Xsd                                       1 calls
        0 ms  PreBuildEvent                              1 calls
        0 ms  AfterClCompile                             1 calls
        0 ms  _PrepareForBuild                           1 calls
        0 ms  ResolveReferences                          1 calls
        0 ms  AfterResolveReferences                     1 calls
        0 ms  ResolveAssemblyReferences                  1 calls
        0 ms  ExpandSDKReferences                        1 calls
        0 ms  ResolveSDKReferences                       1 calls
        0 ms  _PrepareForReferenceResolution             1 calls
        0 ms  BeforeResolveReferences                    1 calls
        0 ms  Desktop_PlatformPrepareForBuild            1 calls
        0 ms  GetResolvedWinMD                           1 calls
        0 ms  SetBuildDefaultEnvironmentVariables        1 calls
        0 ms  GetFrameworkPaths                          1 calls
        0 ms  ResolveProjectReferences                   1 calls
        0 ms  PrepareProjectReferences                   1 calls
        0 ms  MakeDirsForMidl                            1 calls
        0 ms  ComputeMIDLGeneratedCompileInputs          1 calls
        0 ms  _SplitProjectReferencesByFileExistence     1 calls
        0 ms  AfterMidl                                  1 calls
        0 ms  _Midl                                      1 calls
        0 ms  SelectClCompile                            1 calls
        0 ms  AfterBuildGenerateSources                  1 calls
        0 ms  SelectCustomBuild                          1 calls
        0 ms  _SelectedFiles                             1 calls
        0 ms  AfterBuildGenerateSourcesEvent             1 calls
        0 ms  _BuildGenerateSourcesAction                1 calls
        0 ms  BuildGenerateSources                       1 calls
        0 ms  BuildCompileTraverse                       1 calls
        0 ms  BeforeClCompile                            1 calls
        0 ms  ComputeReferenceCLInput                    1 calls
        0 ms  MakeDirsForCl                              1 calls
        1 ms  FixupCLCompileOptions                      1 calls
        1 ms  WarnCompileDuplicatedFilename              1 calls
        1 ms  _HandlePackageFileConflicts                1 calls
        1 ms  ComputeCLCompileGeneratedXDCFiles          1 calls
        1 ms  GetReferenceAssemblyPaths                  1 calls
        1 ms  AssignProjectConfiguration                 1 calls
        1 ms  ComputeCustomBuildOutput                   1 calls
        1 ms  PlatformPrepareForBuild                    1 calls
        1 ms  GetCopyToOutputDirectoryXamlAppDefs        1 calls
        1 ms  MakeDirsForLink                            1 calls
        1 ms  BuildGenerateSourcesTraverse               1 calls
        1 ms  CopyFilesToOutputDirectory                 1 calls
        1 ms  AssignTargetPaths                          1 calls
        1 ms  ComputeCLInputPDBName                      1 calls
        1 ms  FinalizeBuildStatus                        1 calls
        1 ms  ComputeLinkSwitches                        1 calls
        1 ms  MakeDirsForResourceCompile                 1 calls
        1 ms  _CheckForInvalidConfigurationAndPlatform   1 calls
        1 ms  _GetProjectReferenceTargetFrameworkProperties   1 calls
        3 ms  PrepareForBuild                            1 calls
        3 ms  InitializeBuildStatus                      1 calls
        3 ms  SetCABuildNativeEnvironmentVariables       1 calls
      235 ms  Link                                       1 calls
      510 ms  ClCompile                                  1 calls

Build succeeded.
    0 Warning(s)
    0 Error(s)

Time Elapsed 00:00:00.77
