Build started 3/25/2018 1:39:16 PM.
     1>Project "C:\D\CPP\Radix Sort\Radix Sort\Radix Sort.vcxproj" on node 2 (Build target(s)).
     1>InitializeBuildStatus:
         Creating "Debug\Radix Sort.tlog\unsuccessfulbuild" because "AlwaysCreate" was specified.
       ClCompile:
         All outputs are up-to-date.
         C:\Program Files (x86)\Microsoft Visual Studio\2017\Community\VC\Tools\MSVC\14.12.25827\bin\HostX86\x86\CL.exe /c /ZI /nologo /W3 /WX- /diagnostics:classic /sdl /Od /Oy- /D WIN32 /D _DEBUG /D _CONSOLE /D _UNICODE /D UNICODE /Gm /EHsc /RTC1 /MDd /GS /fp:precise /permissive- /Zc:wchar_t /Zc:forScope /Zc:inline /Yu"stdafx.h" /Fp"Debug\Radix Sort.pch" /Fo"Debug\\" /Fd"Debug\vc141.pdb" /Gd /TP /analyze- /errorReport:prompt "Radix Sort.cpp"
         Radix Sort.cpp
       Link:
         C:\Program Files (x86)\Microsoft Visual Studio\2017\Community\VC\Tools\MSVC\14.12.25827\bin\HostX86\x86\link.exe /ERRORREPORT:PROMPT /OUT:"C:\D\CPP\Radix Sort\Debug\Radix Sort.exe" /INCREMENTAL /NOLOGO kernel32.lib user32.lib gdi32.lib winspool.lib comdlg32.lib advapi32.lib shell32.lib ole32.lib oleaut32.lib uuid.lib odbc32.lib odbccp32.lib /MANIFEST /MANIFESTUAC:"level='asInvoker' uiAccess='false'" /manifest:embed /DEBUG:FASTLINK /PDB:"C:\D\CPP\Radix Sort\Debug\Radix Sort.pdb" /SUBSYSTEM:CONSOLE /TLBID:1 /DYNAMICBASE /NXCOMPAT /IMPLIB:"C:\D\CPP\Radix Sort\Debug\Radix Sort.lib" /MACHINE:X86 "Debug\Radix Sort.obj"
         Debug\stdafx.obj
         Radix Sort.vcxproj -> C:\D\CPP\Radix Sort\Debug\Radix Sort.exe
       FinalizeBuildStatus:
         Deleting file "Debug\Radix Sort.tlog\unsuccessfulbuild".
         Touching "Debug\Radix Sort.tlog\Radix Sort.lastbuildstate".
     1>Done Building Project "C:\D\CPP\Radix Sort\Radix Sort\Radix Sort.vcxproj" (Build target(s)).

Build succeeded.
    0 Warning(s)
    0 Error(s)

Time Elapsed 00:00:00.79
